[2020-08-16 01:04:12] production.ERROR: GuzzleHttp\Exception\RequestException: cURL error 60: SSL certificate problem: unable to get local issuer certificate (see https://curl.haxx.se/libcurl/c/libcurl-errors.html) in C:\Users\Emma Landry\Desktop\Swivel\swivel\vendor\guzzlehttp\guzzle\src\Handler\CurlFactory.php:208
Stack trace:
#0 C:\Users\Emma Landry\Desktop\Swivel\swivel\vendor\guzzlehttp\guzzle\src\Handler\CurlFactory.php(162): GuzzleHttp\Handler\CurlFactory::createRejection(Object(GuzzleHttp\Handler\EasyHandle), Array)
#1 C:\Users\Emma Landry\Desktop\Swivel\swivel\vendor\guzzlehttp\guzzle\src\Handler\CurlFactory.php(109): GuzzleHttp\Handler\CurlFactory::finishError(Object(GuzzleHttp\Handler\CurlHandler), Object(GuzzleHttp\Handler\EasyHandle), Object(GuzzleHttp\Handler\CurlFactory))
#2 C:\Users\Emma Landry\Desktop\Swivel\swivel\vendor\guzzlehttp\guzzle\src\Handler\CurlHandler.php(45): GuzzleHttp\Handler\CurlFactory::finish(Object(GuzzleHttp\Handler\CurlHandler), Object(GuzzleHttp\Handler\EasyHandle), Object(GuzzleHttp\Handler\CurlFactory))
#3 C:\Users\Emma Landry\Desktop\Swivel\swivel\vendor\guzzlehttp\guzzle\src\Handler\Proxy.php(30): GuzzleHttp\Handler\CurlHandler->__invoke(Object(GuzzleHttp\Psr7\Request), Array)
#4 C:\Users\Emma Landry\Desktop\Swivel\swivel\vendor\guzzlehttp\guzzle\src\Handler\Proxy.php(53): GuzzleHttp\Handler\Proxy::GuzzleHttp\Handler\{closure}(Object(GuzzleHttp\Psr7\Request), Array)
#5 C:\Users\Emma Landry\Desktop\Swivel\swivel\vendor\guzzlehttp\guzzle\src\PrepareBodyMiddleware.php(62): GuzzleHttp\Handler\Proxy::GuzzleHttp\Handler\{closure}(Object(GuzzleHttp\Psr7\Request), Array)
#6 C:\Users\Emma Landry\Desktop\Swivel\swivel\vendor\guzzlehttp\guzzle\src\Middleware.php(30): GuzzleHttp\PrepareBodyMiddleware->__invoke(Object(GuzzleHttp\Psr7\Request), Array)
#7 C:\Users\Emma Landry\Desktop\Swivel\swivel\vendor\guzzlehttp\guzzle\src\RedirectMiddleware.php(69): GuzzleHttp\Middleware::GuzzleHttp\{closure}(Object(GuzzleHttp\Psr7\Request), Array)
#8 C:\Users\Emma Landry\Desktop\Swivel\swivel\vendor\guzzlehttp\guzzle\src\Middleware.php(60): GuzzleHttp\RedirectMiddleware->__invoke(Object(GuzzleHttp\Psr7\Request), Array)
#9 C:\Users\Emma Landry\Desktop\Swivel\swivel\vendor\guzzlehttp\guzzle\src\HandlerStack.php(73): GuzzleHttp\Middleware::GuzzleHttp\{closure}(Object(GuzzleHttp\Psr7\Request), Array)
#10 C:\Users\Emma Landry\Desktop\Swivel\swivel\vendor\guzzlehttp\guzzle\src\Client.php(323): GuzzleHttp\HandlerStack->__invoke(Object(GuzzleHttp\Psr7\Request), Array)
#11 C:\Users\Emma Landry\Desktop\Swivel\swivel\vendor\guzzlehttp\guzzle\src\Client.php(101): GuzzleHttp\Client->transfer(Object(GuzzleHttp\Psr7\Request), Array)
#12 C:\Users\Emma Landry\Desktop\Swivel\swivel\vendor\guzzlehttp\guzzle\src\Client.php(117): GuzzleHttp\Client->sendAsync(Object(GuzzleHttp\Psr7\Request), Array)
#13 C:\Users\Emma Landry\Desktop\Swivel\swivel\vendor\google\auth\src\HttpHandler\Guzzle6HttpHandler.php(47): GuzzleHttp\Client->send(Object(GuzzleHttp\Psr7\Request), Array)
#14 C:\Users\Emma Landry\Desktop\Swivel\swivel\vendor\google\auth\src\OAuth2.php(526): Google\Auth\HttpHandler\Guzzle6HttpHandler->__invoke(Object(GuzzleHttp\Psr7\Request))
#15 C:\Users\Emma Landry\Desktop\Swivel\swivel\vendor\google\auth\src\Credentials\ServiceAccountCredentials.php(162): Google\Auth\OAuth2->fetchAuthToken(Object(Google\Auth\HttpHandler\Guzzle7HttpHandler))
#16 C:\Users\Emma Landry\Desktop\Swivel\swivel\vendor\google\auth\src\FetchAuthTokenCache.php(91): Google\Auth\Credentials\ServiceAccountCredentials->fetchAuthToken(Object(Google\Auth\HttpHandler\Guzzle7HttpHandler))
#17 C:\Users\Emma Landry\Desktop\Swivel\swivel\vendor\google\gax\src\CredentialsWrapper.php(208): Google\Auth\FetchAuthTokenCache->fetchAuthToken(Object(Google\Auth\HttpHandler\Guzzle7HttpHandler))
#18 C:\Users\Emma Landry\Desktop\Swivel\swivel\vendor\google\gax\src\CredentialsWrapper.php(160): Google\ApiCore\CredentialsWrapper::getToken(Object(Google\Auth\FetchAuthTokenCache), Object(Google\Auth\HttpHandler\Guzzle7HttpHandler))
#19 [internal function]: Google\ApiCore\CredentialsWrapper->Google\ApiCore\{closure}(Object(stdClass))
#20 C:\Users\Emma Landry\Desktop\Swivel\swivel\vendor\grpc\grpc\src\lib\ServerStreamingCall.php(44): Grpc\Call->startBatch(Array)
#21 C:\Users\Emma Landry\Desktop\Swivel\swivel\vendor\grpc\grpc\src\lib\BaseStub.php(364): Grpc\ServerStreamingCall->start(Object(Google\Cloud\Firestore\V1\BatchGetDocumentsRequest), Array, Array)
#22 C:\Users\Emma Landry\Desktop\Swivel\swivel\vendor\grpc\grpc\src\lib\BaseStub.php(589): Grpc\BaseStub->Grpc\{closure}('/google.firesto...', Object(Google\Cloud\Firestore\V1\BatchGetDocumentsRequest), Array, Array, Array)
#23 C:\Users\Emma Landry\Desktop\Swivel\swivel\vendor\google\gax\src\Transport\GrpcTransport.php(197): Grpc\BaseStub->_serverStreamRequest('/google.firesto...', Object(Google\Cloud\Firestore\V1\BatchGetDocumentsRequest), Array, Array, Array)
#24 C:\Users\Emma Landry\Desktop\Swivel\swivel\vendor\google\gax\src\GapicClientTrait.php(491): Google\ApiCore\Transport\GrpcTransport->startServerStreamingCall(Object(Google\ApiCore\Call), Array)
#25 C:\Users\Emma Landry\Desktop\Swivel\swivel\vendor\google\gax\src\Middleware\CredentialsWrapperMiddleware.php(61): Google\Cloud\Firestore\V1\Gapic\FirestoreGapicClient->Google\ApiCore\{closure}(Object(Google\ApiCore\Call), Array)
#26 C:\Users\Emma Landry\Desktop\Swivel\swivel\vendor\google\gax\src\Middleware\FixedHeaderMiddleware.php(66): Google\ApiCore\Middleware\CredentialsWrapperMiddleware->__invoke(Object(Google\ApiCore\Call), Array)
#27 C:\Users\Emma Landry\Desktop\Swivel\swivel\vendor\google\gax\src\Middleware\RetryMiddleware.php(85): Google\ApiCore\Middleware\FixedHeaderMiddleware->__invoke(Object(Google\ApiCore\Call), Array)
#28 C:\Users\Emma Landry\Desktop\Swivel\swivel\vendor\google\gax\src\Middleware\OptionsFilterMiddleware.php(63): Google\ApiCore\Middleware\RetryMiddleware->__invoke(Object(Google\ApiCore\Call), Array)
#29 C:\Users\Emma Landry\Desktop\Swivel\swivel\vendor\google\gax\src\GapicClientTrait.php(474): Google\ApiCore\Middleware\OptionsFilterMiddleware->__invoke(Object(Google\ApiCore\Call), Array)
#30 C:\Users\Emma Landry\Desktop\Swivel\swivel\vendor\google\cloud-firestore\src\V1\Gapic\FirestoreGapicClient.php(858): Google\Cloud\Firestore\V1\Gapic\FirestoreGapicClient->startCall('BatchGetDocumen...', 'Google\\Cloud\\Fi...', Array, Object(Google\Cloud\Firestore\V1\BatchGetDocumentsRequest), 3)
#31 [internal function]: Google\Cloud\Firestore\V1\Gapic\FirestoreGapicClient->batchGetDocuments('projects/swivel...', Array, Array)
#32 C:\Users\Emma Landry\Desktop\Swivel\swivel\vendor\google\cloud-core\src\ExponentialBackoff.php(80): call_user_func_array(Array, Array)
#33 C:\Users\Emma Landry\Desktop\Swivel\swivel\vendor\google\cloud-core\src\GrpcRequestWrapper.php(143): Google\Cloud\Core\ExponentialBackoff->execute(Array, Array)
#34 C:\Users\Emma Landry\Desktop\Swivel\swivel\vendor\google\cloud-core\src\GrpcTrait.php(79): Google\Cloud\Core\GrpcRequestWrapper->send(Array, Array, Array)
#35 C:\Users\Emma Landry\Desktop\Swivel\swivel\vendor\google\cloud-firestore\src\Connection\Grpc.php(124): Google\Cloud\Firestore\Connection\Grpc->send(Array, Array)
#36 C:\Users\Emma Landry\Desktop\Swivel\swivel\vendor\google\cloud-firestore\src\SnapshotTrait.php(122): Google\Cloud\Firestore\Connection\Grpc->batchGetDocuments(Array)
#37 C:\Users\Emma Landry\Desktop\Swivel\swivel\vendor\google\cloud-firestore\src\SnapshotTrait.php(61): Google\Cloud\Firestore\DocumentReference->getSnapshot(Object(Google\Cloud\Firestore\Connection\Grpc), 'projects/swivel...', Array)
#38 C:\Users\Emma Landry\Desktop\Swivel\swivel\vendor\google\cloud-firestore\src\DocumentReference.php(347): Google\Cloud\Firestore\DocumentReference->createSnapshot(Object(Google\Cloud\Firestore\Connection\Grpc), Object(Google\Cloud\Firestore\ValueMapper), Object(Google\Cloud\Firestore\DocumentReference), Array)
#39 C:\Users\Emma Landry\Desktop\Swivel\swivel\routes\web.php(604): Google\Cloud\Firestore\DocumentReference->snapshot()
#40 C:\Users\Emma Landry\Desktop\Swivel\swivel\routes\web.php(273): userType(Object(Google\Cloud\Firestore\CollectionReference), Object(Google\Cloud\Firestore\CollectionReference), '4zrkZmrLDePjdhT...')
#41 [internal function]: Closure->{closure}('4zrkZmrLDePjdhT...')
#42 C:\Users\Emma Landry\Desktop\Swivel\swivel\vendor\illuminate\container\BoundMethod.php(32): call_user_func_array(Object(Closure), Array)
#43 C:\Users\Emma Landry\Desktop\Swivel\swivel\vendor\illuminate\container\BoundMethod.php(78): Illuminate\Container\BoundMethod::Illuminate\Container\{closure}()
#44 C:\Users\Emma Landry\Desktop\Swivel\swivel\vendor\illuminate\container\BoundMethod.php(34): Illuminate\Container\BoundMethod::callBoundMethod(Object(Laravel\Lumen\Application), Object(Closure), Object(Closure))
#45 C:\Users\Emma Landry\Desktop\Swivel\swivel\vendor\illuminate\container\Container.php(576): Illuminate\Container\BoundMethod::call(Object(Laravel\Lumen\Application), Object(Closure), Array, NULL)
#46 C:\Users\Emma Landry\Desktop\Swivel\swivel\vendor\laravel\lumen-framework\src\Concerns\RoutesRequests.php(289): Illuminate\Container\Container->call(Object(Closure), Array)
#47 C:\Users\Emma Landry\Desktop\Swivel\swivel\vendor\laravel\lumen-framework\src\Concerns\RoutesRequests.php(263): Laravel\Lumen\Application->callActionOnArrayBasedRoute(Array)
#48 C:\Users\Emma Landry\Desktop\Swivel\swivel\vendor\laravel\lumen-framework\src\Concerns\RoutesRequests.php(233): Laravel\Lumen\Application->handleFoundRoute(Array)
#49 C:\Users\Emma Landry\Desktop\Swivel\swivel\vendor\laravel\lumen-framework\src\Concerns\RoutesRequests.php(169): Laravel\Lumen\Application->handleDispatcherResponse(Array)
#50 C:\Users\Emma Landry\Desktop\Swivel\swivel\vendor\laravel\lumen-framework\src\Concerns\RoutesRequests.php(416): Laravel\Lumen\Application->Laravel\Lumen\Concerns\{closure}(Object(Laravel\Lumen\Http\Request))
#51 C:\Users\Emma Landry\Desktop\Swivel\swivel\vendor\laravel\lumen-framework\src\Concerns\RoutesRequests.php(171): Laravel\Lumen\Application->sendThroughPipeline(Array, Object(Closure))
#52 C:\Users\Emma Landry\Desktop\Swivel\swivel\vendor\laravel\lumen-framework\src\Concerns\RoutesRequests.php(108): Laravel\Lumen\Application->dispatch(NULL)
#53 C:\Users\Emma Landry\Desktop\Swivel\swivel\index.php(26): Laravel\Lumen\Application->run()
#54 {main} {"exception":"[object] (GuzzleHttp\\Exception\\RequestException(code: 0): cURL error 60: SSL certificate problem: unable to get local issuer certificate (see https://curl.haxx.se/libcurl/c/libcurl-errors.html) at C:\\Users\\Emma Landry\\Desktop\\Swivel\\swivel\\vendor\\guzzlehttp\\guzzle\\src\\Handler\\CurlFactory.php:208)
[stacktrace]
#0 C:\\Users\\Emma Landry\\Desktop\\Swivel\\swivel\\vendor\\guzzlehttp\\guzzle\\src\\Handler\\CurlFactory.php(162): GuzzleHttp\\Handler\\CurlFactory::createRejection(Object(GuzzleHttp\\Handler\\EasyHandle), Array)
#1 C:\\Users\\Emma Landry\\Desktop\\Swivel\\swivel\\vendor\\guzzlehttp\\guzzle\\src\\Handler\\CurlFactory.php(109): GuzzleHttp\\Handler\\CurlFactory::finishError(Object(GuzzleHttp\\Handler\\CurlHandler), Object(GuzzleHttp\\Handler\\EasyHandle), Object(GuzzleHttp\\Handler\\CurlFactory))
#2 C:\\Users\\Emma Landry\\Desktop\\Swivel\\swivel\\vendor\\guzzlehttp\\guzzle\\src\\Handler\\CurlHandler.php(45): GuzzleHttp\\Handler\\CurlFactory::finish(Object(GuzzleHttp\\Handler\\CurlHandler), Object(GuzzleHttp\\Handler\\EasyHandle), Object(GuzzleHttp\\Handler\\CurlFactory))
#3 C:\\Users\\Emma Landry\\Desktop\\Swivel\\swivel\\vendor\\guzzlehttp\\guzzle\\src\\Handler\\Proxy.php(30): GuzzleHttp\\Handler\\CurlHandler->__invoke(Object(GuzzleHttp\\Psr7\\Request), Array)
#4 C:\\Users\\Emma Landry\\Desktop\\Swivel\\swivel\\vendor\\guzzlehttp\\guzzle\\src\\Handler\\Proxy.php(53): GuzzleHttp\\Handler\\Proxy::GuzzleHttp\\Handler\\{closure}(Object(GuzzleHttp\\Psr7\\Request), Array)
#5 C:\\Users\\Emma Landry\\Desktop\\Swivel\\swivel\\vendor\\guzzlehttp\\guzzle\\src\\PrepareBodyMiddleware.php(62): GuzzleHttp\\Handler\\Proxy::GuzzleHttp\\Handler\\{closure}(Object(GuzzleHttp\\Psr7\\Request), Array)
#6 C:\\Users\\Emma Landry\\Desktop\\Swivel\\swivel\\vendor\\guzzlehttp\\guzzle\\src\\Middleware.php(30): GuzzleHttp\\PrepareBodyMiddleware->__invoke(Object(GuzzleHttp\\Psr7\\Request), Array)
#7 C:\\Users\\Emma Landry\\Desktop\\Swivel\\swivel\\vendor\\guzzlehttp\\guzzle\\src\\RedirectMiddleware.php(69): GuzzleHttp\\Middleware::GuzzleHttp\\{closure}(Object(GuzzleHttp\\Psr7\\Request), Array)
#8 C:\\Users\\Emma Landry\\Desktop\\Swivel\\swivel\\vendor\\guzzlehttp\\guzzle\\src\\Middleware.php(60): GuzzleHttp\\RedirectMiddleware->__invoke(Object(GuzzleHttp\\Psr7\\Request), Array)
#9 C:\\Users\\Emma Landry\\Desktop\\Swivel\\swivel\\vendor\\guzzlehttp\\guzzle\\src\\HandlerStack.php(73): GuzzleHttp\\Middleware::GuzzleHttp\\{closure}(Object(GuzzleHttp\\Psr7\\Request), Array)
#10 C:\\Users\\Emma Landry\\Desktop\\Swivel\\swivel\\vendor\\guzzlehttp\\guzzle\\src\\Client.php(323): GuzzleHttp\\HandlerStack->__invoke(Object(GuzzleHttp\\Psr7\\Request), Array)
#11 C:\\Users\\Emma Landry\\Desktop\\Swivel\\swivel\\vendor\\guzzlehttp\\guzzle\\src\\Client.php(101): GuzzleHttp\\Client->transfer(Object(GuzzleHttp\\Psr7\\Request), Array)
#12 C:\\Users\\Emma Landry\\Desktop\\Swivel\\swivel\\vendor\\guzzlehttp\\guzzle\\src\\Client.php(117): GuzzleHttp\\Client->sendAsync(Object(GuzzleHttp\\Psr7\\Request), Array)
#13 C:\\Users\\Emma Landry\\Desktop\\Swivel\\swivel\\vendor\\google\\auth\\src\\HttpHandler\\Guzzle6HttpHandler.php(47): GuzzleHttp\\Client->send(Object(GuzzleHttp\\Psr7\\Request), Array)
#14 C:\\Users\\Emma Landry\\Desktop\\Swivel\\swivel\\vendor\\google\\auth\\src\\OAuth2.php(526): Google\\Auth\\HttpHandler\\Guzzle6HttpHandler->__invoke(Object(GuzzleHttp\\Psr7\\Request))
#15 C:\\Users\\Emma Landry\\Desktop\\Swivel\\swivel\\vendor\\google\\auth\\src\\Credentials\\ServiceAccountCredentials.php(162): Google\\Auth\\OAuth2->fetchAuthToken(Object(Google\\Auth\\HttpHandler\\Guzzle7HttpHandler))
#16 C:\\Users\\Emma Landry\\Desktop\\Swivel\\swivel\\vendor\\google\\auth\\src\\FetchAuthTokenCache.php(91): Google\\Auth\\Credentials\\ServiceAccountCredentials->fetchAuthToken(Object(Google\\Auth\\HttpHandler\\Guzzle7HttpHandler))
#17 C:\\Users\\Emma Landry\\Desktop\\Swivel\\swivel\\vendor\\google\\gax\\src\\CredentialsWrapper.php(208): Google\\Auth\\FetchAuthTokenCache->fetchAuthToken(Object(Google\\Auth\\HttpHandler\\Guzzle7HttpHandler))
#18 C:\\Users\\Emma Landry\\Desktop\\Swivel\\swivel\\vendor\\google\\gax\\src\\CredentialsWrapper.php(160): Google\\ApiCore\\CredentialsWrapper::getToken(Object(Google\\Auth\\FetchAuthTokenCache), Object(Google\\Auth\\HttpHandler\\Guzzle7HttpHandler))
#19 [internal function]: Google\\ApiCore\\CredentialsWrapper->Google\\ApiCore\\{closure}(Object(stdClass))
#20 C:\\Users\\Emma Landry\\Desktop\\Swivel\\swivel\\vendor\\grpc\\grpc\\src\\lib\\ServerStreamingCall.php(44): Grpc\\Call->startBatch(Array)
#21 C:\\Users\\Emma Landry\\Desktop\\Swivel\\swivel\\vendor\\grpc\\grpc\\src\\lib\\BaseStub.php(364): Grpc\\ServerStreamingCall->start(Object(Google\\Cloud\\Firestore\\V1\\BatchGetDocumentsRequest), Array, Array)
#22 C:\\Users\\Emma Landry\\Desktop\\Swivel\\swivel\\vendor\\grpc\\grpc\\src\\lib\\BaseStub.php(589): Grpc\\BaseStub->Grpc\\{closure}('/google.firesto...', Object(Google\\Cloud\\Firestore\\V1\\BatchGetDocumentsRequest), Array, Array, Array)
#23 C:\\Users\\Emma Landry\\Desktop\\Swivel\\swivel\\vendor\\google\\gax\\src\\Transport\\GrpcTransport.php(197): Grpc\\BaseStub->_serverStreamRequest('/google.firesto...', Object(Google\\Cloud\\Firestore\\V1\\BatchGetDocumentsRequest), Array, Array, Array)
#24 C:\\Users\\Emma Landry\\Desktop\\Swivel\\swivel\\vendor\\google\\gax\\src\\GapicClientTrait.php(491): Google\\ApiCore\\Transport\\GrpcTransport->startServerStreamingCall(Object(Google\\ApiCore\\Call), Array)
#25 C:\\Users\\Emma Landry\\Desktop\\Swivel\\swivel\\vendor\\google\\gax\\src\\Middleware\\CredentialsWrapperMiddleware.php(61): Google\\Cloud\\Firestore\\V1\\Gapic\\FirestoreGapicClient->Google\\ApiCore\\{closure}(Object(Google\\ApiCore\\Call), Array)
#26 C:\\Users\\Emma Landry\\Desktop\\Swivel\\swivel\\vendor\\google\\gax\\src\\Middleware\\FixedHeaderMiddleware.php(66): Google\\ApiCore\\Middleware\\CredentialsWrapperMiddleware->__invoke(Object(Google\\ApiCore\\Call), Array)
#27 C:\\Users\\Emma Landry\\Desktop\\Swivel\\swivel\\vendor\\google\\gax\\src\\Middleware\\RetryMiddleware.php(85): Google\\ApiCore\\Middleware\\FixedHeaderMiddleware->__invoke(Object(Google\\ApiCore\\Call), Array)
#28 C:\\Users\\Emma Landry\\Desktop\\Swivel\\swivel\\vendor\\google\\gax\\src\\Middleware\\OptionsFilterMiddleware.php(63): Google\\ApiCore\\Middleware\\RetryMiddleware->__invoke(Object(Google\\ApiCore\\Call), Array)
#29 C:\\Users\\Emma Landry\\Desktop\\Swivel\\swivel\\vendor\\google\\gax\\src\\GapicClientTrait.php(474): Google\\ApiCore\\Middleware\\OptionsFilterMiddleware->__invoke(Object(Google\\ApiCore\\Call), Array)
#30 C:\\Users\\Emma Landry\\Desktop\\Swivel\\swivel\\vendor\\google\\cloud-firestore\\src\\V1\\Gapic\\FirestoreGapicClient.php(858): Google\\Cloud\\Firestore\\V1\\Gapic\\FirestoreGapicClient->startCall('BatchGetDocumen...', 'Google\\\\Cloud\\\\Fi...', Array, Object(Google\\Cloud\\Firestore\\V1\\BatchGetDocumentsRequest), 3)
#31 [internal function]: Google\\Cloud\\Firestore\\V1\\Gapic\\FirestoreGapicClient->batchGetDocuments('projects/swivel...', Array, Array)
#32 C:\\Users\\Emma Landry\\Desktop\\Swivel\\swivel\\vendor\\google\\cloud-core\\src\\ExponentialBackoff.php(80): call_user_func_array(Array, Array)
#33 C:\\Users\\Emma Landry\\Desktop\\Swivel\\swivel\\vendor\\google\\cloud-core\\src\\GrpcRequestWrapper.php(143): Google\\Cloud\\Core\\ExponentialBackoff->execute(Array, Array)
#34 C:\\Users\\Emma Landry\\Desktop\\Swivel\\swivel\\vendor\\google\\cloud-core\\src\\GrpcTrait.php(79): Google\\Cloud\\Core\\GrpcRequestWrapper->send(Array, Array, Array)
#35 C:\\Users\\Emma Landry\\Desktop\\Swivel\\swivel\\vendor\\google\\cloud-firestore\\src\\Connection\\Grpc.php(124): Google\\Cloud\\Firestore\\Connection\\Grpc->send(Array, Array)
#36 C:\\Users\\Emma Landry\\Desktop\\Swivel\\swivel\\vendor\\google\\cloud-firestore\\src\\SnapshotTrait.php(122): Google\\Cloud\\Firestore\\Connection\\Grpc->batchGetDocuments(Array)
#37 C:\\Users\\Emma Landry\\Desktop\\Swivel\\swivel\\vendor\\google\\cloud-firestore\\src\\SnapshotTrait.php(61): Google\\Cloud\\Firestore\\DocumentReference->getSnapshot(Object(Google\\Cloud\\Firestore\\Connection\\Grpc), 'projects/swivel...', Array)
#38 C:\\Users\\Emma Landry\\Desktop\\Swivel\\swivel\\vendor\\google\\cloud-firestore\\src\\DocumentReference.php(347): Google\\Cloud\\Firestore\\DocumentReference->createSnapshot(Object(Google\\Cloud\\Firestore\\Connection\\Grpc), Object(Google\\Cloud\\Firestore\\ValueMapper), Object(Google\\Cloud\\Firestore\\DocumentReference), Array)
#39 C:\\Users\\Emma Landry\\Desktop\\Swivel\\swivel\outes\\web.php(604): Google\\Cloud\\Firestore\\DocumentReference->snapshot()
#40 C:\\Users\\Emma Landry\\Desktop\\Swivel\\swivel\outes\\web.php(273): userType(Object(Google\\Cloud\\Firestore\\CollectionReference), Object(Google\\Cloud\\Firestore\\CollectionReference), '4zrkZmrLDePjdhT...')
#41 [internal function]: Closure->{closure}('4zrkZmrLDePjdhT...')
#42 C:\\Users\\Emma Landry\\Desktop\\Swivel\\swivel\\vendor\\illuminate\\container\\BoundMethod.php(32): call_user_func_array(Object(Closure), Array)
#43 C:\\Users\\Emma Landry\\Desktop\\Swivel\\swivel\\vendor\\illuminate\\container\\BoundMethod.php(78): Illuminate\\Container\\BoundMethod::Illuminate\\Container\\{closure}()
#44 C:\\Users\\Emma Landry\\Desktop\\Swivel\\swivel\\vendor\\illuminate\\container\\BoundMethod.php(34): Illuminate\\Container\\BoundMethod::callBoundMethod(Object(Laravel\\Lumen\\Application), Object(Closure), Object(Closure))
#45 C:\\Users\\Emma Landry\\Desktop\\Swivel\\swivel\\vendor\\illuminate\\container\\Container.php(576): Illuminate\\Container\\BoundMethod::call(Object(Laravel\\Lumen\\Application), Object(Closure), Array, NULL)
#46 C:\\Users\\Emma Landry\\Desktop\\Swivel\\swivel\\vendor\\laravel\\lumen-framework\\src\\Concerns\\RoutesRequests.php(289): Illuminate\\Container\\Container->call(Object(Closure), Array)
#47 C:\\Users\\Emma Landry\\Desktop\\Swivel\\swivel\\vendor\\laravel\\lumen-framework\\src\\Concerns\\RoutesRequests.php(263): Laravel\\Lumen\\Application->callActionOnArrayBasedRoute(Array)
#48 C:\\Users\\Emma Landry\\Desktop\\Swivel\\swivel\\vendor\\laravel\\lumen-framework\\src\\Concerns\\RoutesRequests.php(233): Laravel\\Lumen\\Application->handleFoundRoute(Array)
#49 C:\\Users\\Emma Landry\\Desktop\\Swivel\\swivel\\vendor\\laravel\\lumen-framework\\src\\Concerns\\RoutesRequests.php(169): Laravel\\Lumen\\Application->handleDispatcherResponse(Array)
#50 C:\\Users\\Emma Landry\\Desktop\\Swivel\\swivel\\vendor\\laravel\\lumen-framework\\src\\Concerns\\RoutesRequests.php(416): Laravel\\Lumen\\Application->Laravel\\Lumen\\Concerns\\{closure}(Object(Laravel\\Lumen\\Http\\Request))
#51 C:\\Users\\Emma Landry\\Desktop\\Swivel\\swivel\\vendor\\laravel\\lumen-framework\\src\\Concerns\\RoutesRequests.php(171): Laravel\\Lumen\\Application->sendThroughPipeline(Array, Object(Closure))
#52 C:\\Users\\Emma Landry\\Desktop\\Swivel\\swivel\\vendor\\laravel\\lumen-framework\\src\\Concerns\\RoutesRequests.php(108): Laravel\\Lumen\\Application->dispatch(NULL)
#53 C:\\Users\\Emma Landry\\Desktop\\Swivel\\swivel\\index.php(26): Laravel\\Lumen\\Application->run()
#54 {main}
"} 
[2020-08-16 14:58:40] production.ERROR: GuzzleHttp\Exception\RequestException: cURL error 60: SSL certificate problem: unable to get local issuer certificate (see https://curl.haxx.se/libcurl/c/libcurl-errors.html) in C:\Users\Emma Landry\Desktop\Swivel\swivel\vendor\guzzlehttp\guzzle\src\Handler\CurlFactory.php:208
Stack trace:
#0 C:\Users\Emma Landry\Desktop\Swivel\swivel\vendor\guzzlehttp\guzzle\src\Handler\CurlFactory.php(162): GuzzleHttp\Handler\CurlFactory::createRejection(Object(GuzzleHttp\Handler\EasyHandle), Array)
#1 C:\Users\Emma Landry\Desktop\Swivel\swivel\vendor\guzzlehttp\guzzle\src\Handler\CurlFactory.php(109): GuzzleHttp\Handler\CurlFactory::finishError(Object(GuzzleHttp\Handler\CurlHandler), Object(GuzzleHttp\Handler\EasyHandle), Object(GuzzleHttp\Handler\CurlFactory))
#2 C:\Users\Emma Landry\Desktop\Swivel\swivel\vendor\guzzlehttp\guzzle\src\Handler\CurlHandler.php(45): GuzzleHttp\Handler\CurlFactory::finish(Object(GuzzleHttp\Handler\CurlHandler), Object(GuzzleHttp\Handler\EasyHandle), Object(GuzzleHttp\Handler\CurlFactory))
#3 C:\Users\Emma Landry\Desktop\Swivel\swivel\vendor\guzzlehttp\guzzle\src\Handler\Proxy.php(30): GuzzleHttp\Handler\CurlHandler->__invoke(Object(GuzzleHttp\Psr7\Request), Array)
#4 C:\Users\Emma Landry\Desktop\Swivel\swivel\vendor\guzzlehttp\guzzle\src\Handler\Proxy.php(53): GuzzleHttp\Handler\Proxy::GuzzleHttp\Handler\{closure}(Object(GuzzleHttp\Psr7\Request), Array)
#5 C:\Users\Emma Landry\Desktop\Swivel\swivel\vendor\guzzlehttp\guzzle\src\PrepareBodyMiddleware.php(62): GuzzleHttp\Handler\Proxy::GuzzleHttp\Handler\{closure}(Object(GuzzleHttp\Psr7\Request), Array)
#6 C:\Users\Emma Landry\Desktop\Swivel\swivel\vendor\guzzlehttp\guzzle\src\Middleware.php(30): GuzzleHttp\PrepareBodyMiddleware->__invoke(Object(GuzzleHttp\Psr7\Request), Array)
#7 C:\Users\Emma Landry\Desktop\Swivel\swivel\vendor\guzzlehttp\guzzle\src\RedirectMiddleware.php(69): GuzzleHttp\Middleware::GuzzleHttp\{closure}(Object(GuzzleHttp\Psr7\Request), Array)
#8 C:\Users\Emma Landry\Desktop\Swivel\swivel\vendor\guzzlehttp\guzzle\src\Middleware.php(60): GuzzleHttp\RedirectMiddleware->__invoke(Object(GuzzleHttp\Psr7\Request), Array)
#9 C:\Users\Emma Landry\Desktop\Swivel\swivel\vendor\guzzlehttp\guzzle\src\HandlerStack.php(73): GuzzleHttp\Middleware::GuzzleHttp\{closure}(Object(GuzzleHttp\Psr7\Request), Array)
#10 C:\Users\Emma Landry\Desktop\Swivel\swivel\vendor\guzzlehttp\guzzle\src\Client.php(323): GuzzleHttp\HandlerStack->__invoke(Object(GuzzleHttp\Psr7\Request), Array)
#11 C:\Users\Emma Landry\Desktop\Swivel\swivel\vendor\guzzlehttp\guzzle\src\Client.php(101): GuzzleHttp\Client->transfer(Object(GuzzleHttp\Psr7\Request), Array)
#12 C:\Users\Emma Landry\Desktop\Swivel\swivel\vendor\guzzlehttp\guzzle\src\Client.php(117): GuzzleHttp\Client->sendAsync(Object(GuzzleHttp\Psr7\Request), Array)
#13 C:\Users\Emma Landry\Desktop\Swivel\swivel\vendor\google\auth\src\HttpHandler\Guzzle6HttpHandler.php(47): GuzzleHttp\Client->send(Object(GuzzleHttp\Psr7\Request), Array)
#14 C:\Users\Emma Landry\Desktop\Swivel\swivel\vendor\google\auth\src\OAuth2.php(526): Google\Auth\HttpHandler\Guzzle6HttpHandler->__invoke(Object(GuzzleHttp\Psr7\Request))
#15 C:\Users\Emma Landry\Desktop\Swivel\swivel\vendor\google\auth\src\Credentials\ServiceAccountCredentials.php(162): Google\Auth\OAuth2->fetchAuthToken(Object(Google\Auth\HttpHandler\Guzzle7HttpHandler))
#16 C:\Users\Emma Landry\Desktop\Swivel\swivel\vendor\google\auth\src\FetchAuthTokenCache.php(91): Google\Auth\Credentials\ServiceAccountCredentials->fetchAuthToken(Object(Google\Auth\HttpHandler\Guzzle7HttpHandler))
#17 C:\Users\Emma Landry\Desktop\Swivel\swivel\vendor\google\gax\src\CredentialsWrapper.php(208): Google\Auth\FetchAuthTokenCache->fetchAuthToken(Object(Google\Auth\HttpHandler\Guzzle7HttpHandler))
#18 C:\Users\Emma Landry\Desktop\Swivel\swivel\vendor\google\gax\src\CredentialsWrapper.php(160): Google\ApiCore\CredentialsWrapper::getToken(Object(Google\Auth\FetchAuthTokenCache), Object(Google\Auth\HttpHandler\Guzzle7HttpHandler))
#19 [internal function]: Google\ApiCore\CredentialsWrapper->Google\ApiCore\{closure}(Object(stdClass))
#20 C:\Users\Emma Landry\Desktop\Swivel\swivel\vendor\grpc\grpc\src\lib\ServerStreamingCall.php(44): Grpc\Call->startBatch(Array)
#21 C:\Users\Emma Landry\Desktop\Swivel\swivel\vendor\grpc\grpc\src\lib\BaseStub.php(364): Grpc\ServerStreamingCall->start(Object(Google\Cloud\Firestore\V1\BatchGetDocumentsRequest), Array, Array)
#22 C:\Users\Emma Landry\Desktop\Swivel\swivel\vendor\grpc\grpc\src\lib\BaseStub.php(589): Grpc\BaseStub->Grpc\{closure}('/google.firesto...', Object(Google\Cloud\Firestore\V1\BatchGetDocumentsRequest), Array, Array, Array)
#23 C:\Users\Emma Landry\Desktop\Swivel\swivel\vendor\google\gax\src\Transport\GrpcTransport.php(197): Grpc\BaseStub->_serverStreamRequest('/google.firesto...', Object(Google\Cloud\Firestore\V1\BatchGetDocumentsRequest), Array, Array, Array)
#24 C:\Users\Emma Landry\Desktop\Swivel\swivel\vendor\google\gax\src\GapicClientTrait.php(491): Google\ApiCore\Transport\GrpcTransport->startServerStreamingCall(Object(Google\ApiCore\Call), Array)
#25 C:\Users\Emma Landry\Desktop\Swivel\swivel\vendor\google\gax\src\Middleware\CredentialsWrapperMiddleware.php(61): Google\Cloud\Firestore\V1\Gapic\FirestoreGapicClient->Google\ApiCore\{closure}(Object(Google\ApiCore\Call), Array)
#26 C:\Users\Emma Landry\Desktop\Swivel\swivel\vendor\google\gax\src\Middleware\FixedHeaderMiddleware.php(66): Google\ApiCore\Middleware\CredentialsWrapperMiddleware->__invoke(Object(Google\ApiCore\Call), Array)
#27 C:\Users\Emma Landry\Desktop\Swivel\swivel\vendor\google\gax\src\Middleware\RetryMiddleware.php(85): Google\ApiCore\Middleware\FixedHeaderMiddleware->__invoke(Object(Google\ApiCore\Call), Array)
#28 C:\Users\Emma Landry\Desktop\Swivel\swivel\vendor\google\gax\src\Middleware\OptionsFilterMiddleware.php(63): Google\ApiCore\Middleware\RetryMiddleware->__invoke(Object(Google\ApiCore\Call), Array)
#29 C:\Users\Emma Landry\Desktop\Swivel\swivel\vendor\google\gax\src\GapicClientTrait.php(474): Google\ApiCore\Middleware\OptionsFilterMiddleware->__invoke(Object(Google\ApiCore\Call), Array)
#30 C:\Users\Emma Landry\Desktop\Swivel\swivel\vendor\google\cloud-firestore\src\V1\Gapic\FirestoreGapicClient.php(858): Google\Cloud\Firestore\V1\Gapic\FirestoreGapicClient->startCall('BatchGetDocumen...', 'Google\\Cloud\\Fi...', Array, Object(Google\Cloud\Firestore\V1\BatchGetDocumentsRequest), 3)
#31 [internal function]: Google\Cloud\Firestore\V1\Gapic\FirestoreGapicClient->batchGetDocuments('projects/swivel...', Array, Array)
#32 C:\Users\Emma Landry\Desktop\Swivel\swivel\vendor\google\cloud-core\src\ExponentialBackoff.php(80): call_user_func_array(Array, Array)
#33 C:\Users\Emma Landry\Desktop\Swivel\swivel\vendor\google\cloud-core\src\GrpcRequestWrapper.php(143): Google\Cloud\Core\ExponentialBackoff->execute(Array, Array)
#34 C:\Users\Emma Landry\Desktop\Swivel\swivel\vendor\google\cloud-core\src\GrpcTrait.php(79): Google\Cloud\Core\GrpcRequestWrapper->send(Array, Array, Array)
#35 C:\Users\Emma Landry\Desktop\Swivel\swivel\vendor\google\cloud-firestore\src\Connection\Grpc.php(124): Google\Cloud\Firestore\Connection\Grpc->send(Array, Array)
#36 C:\Users\Emma Landry\Desktop\Swivel\swivel\vendor\google\cloud-firestore\src\SnapshotTrait.php(122): Google\Cloud\Firestore\Connection\Grpc->batchGetDocuments(Array)
#37 C:\Users\Emma Landry\Desktop\Swivel\swivel\vendor\google\cloud-firestore\src\SnapshotTrait.php(61): Google\Cloud\Firestore\DocumentReference->getSnapshot(Object(Google\Cloud\Firestore\Connection\Grpc), 'projects/swivel...', Array)
#38 C:\Users\Emma Landry\Desktop\Swivel\swivel\vendor\google\cloud-firestore\src\DocumentReference.php(347): Google\Cloud\Firestore\DocumentReference->createSnapshot(Object(Google\Cloud\Firestore\Connection\Grpc), Object(Google\Cloud\Firestore\ValueMapper), Object(Google\Cloud\Firestore\DocumentReference), Array)
#39 C:\Users\Emma Landry\Desktop\Swivel\swivel\routes\web.php(93): Google\Cloud\Firestore\DocumentReference->snapshot()
#40 [internal function]: Closure->{closure}(Object(Laravel\Lumen\Http\Request), 'ovaIXIHXe7TxX4F...')
#41 C:\Users\Emma Landry\Desktop\Swivel\swivel\vendor\illuminate\container\BoundMethod.php(32): call_user_func_array(Object(Closure), Array)
#42 C:\Users\Emma Landry\Desktop\Swivel\swivel\vendor\illuminate\container\BoundMethod.php(78): Illuminate\Container\BoundMethod::Illuminate\Container\{closure}()
#43 C:\Users\Emma Landry\Desktop\Swivel\swivel\vendor\illuminate\container\BoundMethod.php(34): Illuminate\Container\BoundMethod::callBoundMethod(Object(Laravel\Lumen\Application), Object(Closure), Object(Closure))
#44 C:\Users\Emma Landry\Desktop\Swivel\swivel\vendor\illuminate\container\Container.php(576): Illuminate\Container\BoundMethod::call(Object(Laravel\Lumen\Application), Object(Closure), Array, NULL)
#45 C:\Users\Emma Landry\Desktop\Swivel\swivel\vendor\laravel\lumen-framework\src\Concerns\RoutesRequests.php(289): Illuminate\Container\Container->call(Object(Closure), Array)
#46 C:\Users\Emma Landry\Desktop\Swivel\swivel\vendor\laravel\lumen-framework\src\Concerns\RoutesRequests.php(263): Laravel\Lumen\Application->callActionOnArrayBasedRoute(Array)
#47 C:\Users\Emma Landry\Desktop\Swivel\swivel\vendor\laravel\lumen-framework\src\Concerns\RoutesRequests.php(233): Laravel\Lumen\Application->handleFoundRoute(Array)
#48 C:\Users\Emma Landry\Desktop\Swivel\swivel\vendor\laravel\lumen-framework\src\Concerns\RoutesRequests.php(169): Laravel\Lumen\Application->handleDispatcherResponse(Array)
#49 C:\Users\Emma Landry\Desktop\Swivel\swivel\vendor\laravel\lumen-framework\src\Concerns\RoutesRequests.php(416): Laravel\Lumen\Application->Laravel\Lumen\Concerns\{closure}(Object(Laravel\Lumen\Http\Request))
#50 C:\Users\Emma Landry\Desktop\Swivel\swivel\vendor\laravel\lumen-framework\src\Concerns\RoutesRequests.php(171): Laravel\Lumen\Application->sendThroughPipeline(Array, Object(Closure))
#51 C:\Users\Emma Landry\Desktop\Swivel\swivel\vendor\laravel\lumen-framework\src\Concerns\RoutesRequests.php(108): Laravel\Lumen\Application->dispatch(NULL)
#52 C:\Users\Emma Landry\Desktop\Swivel\swivel\index.php(26): Laravel\Lumen\Application->run()
#53 {main} {"exception":"[object] (GuzzleHttp\\Exception\\RequestException(code: 0): cURL error 60: SSL certificate problem: unable to get local issuer certificate (see https://curl.haxx.se/libcurl/c/libcurl-errors.html) at C:\\Users\\Emma Landry\\Desktop\\Swivel\\swivel\\vendor\\guzzlehttp\\guzzle\\src\\Handler\\CurlFactory.php:208)
[stacktrace]
#0 C:\\Users\\Emma Landry\\Desktop\\Swivel\\swivel\\vendor\\guzzlehttp\\guzzle\\src\\Handler\\CurlFactory.php(162): GuzzleHttp\\Handler\\CurlFactory::createRejection(Object(GuzzleHttp\\Handler\\EasyHandle), Array)
#1 C:\\Users\\Emma Landry\\Desktop\\Swivel\\swivel\\vendor\\guzzlehttp\\guzzle\\src\\Handler\\CurlFactory.php(109): GuzzleHttp\\Handler\\CurlFactory::finishError(Object(GuzzleHttp\\Handler\\CurlHandler), Object(GuzzleHttp\\Handler\\EasyHandle), Object(GuzzleHttp\\Handler\\CurlFactory))
#2 C:\\Users\\Emma Landry\\Desktop\\Swivel\\swivel\\vendor\\guzzlehttp\\guzzle\\src\\Handler\\CurlHandler.php(45): GuzzleHttp\\Handler\\CurlFactory::finish(Object(GuzzleHttp\\Handler\\CurlHandler), Object(GuzzleHttp\\Handler\\EasyHandle), Object(GuzzleHttp\\Handler\\CurlFactory))
#3 C:\\Users\\Emma Landry\\Desktop\\Swivel\\swivel\\vendor\\guzzlehttp\\guzzle\\src\\Handler\\Proxy.php(30): GuzzleHttp\\Handler\\CurlHandler->__invoke(Object(GuzzleHttp\\Psr7\\Request), Array)
#4 C:\\Users\\Emma Landry\\Desktop\\Swivel\\swivel\\vendor\\guzzlehttp\\guzzle\\src\\Handler\\Proxy.php(53): GuzzleHttp\\Handler\\Proxy::GuzzleHttp\\Handler\\{closure}(Object(GuzzleHttp\\Psr7\\Request), Array)
#5 C:\\Users\\Emma Landry\\Desktop\\Swivel\\swivel\\vendor\\guzzlehttp\\guzzle\\src\\PrepareBodyMiddleware.php(62): GuzzleHttp\\Handler\\Proxy::GuzzleHttp\\Handler\\{closure}(Object(GuzzleHttp\\Psr7\\Request), Array)
#6 C:\\Users\\Emma Landry\\Desktop\\Swivel\\swivel\\vendor\\guzzlehttp\\guzzle\\src\\Middleware.php(30): GuzzleHttp\\PrepareBodyMiddleware->__invoke(Object(GuzzleHttp\\Psr7\\Request), Array)
#7 C:\\Users\\Emma Landry\\Desktop\\Swivel\\swivel\\vendor\\guzzlehttp\\guzzle\\src\\RedirectMiddleware.php(69): GuzzleHttp\\Middleware::GuzzleHttp\\{closure}(Object(GuzzleHttp\\Psr7\\Request), Array)
#8 C:\\Users\\Emma Landry\\Desktop\\Swivel\\swivel\\vendor\\guzzlehttp\\guzzle\\src\\Middleware.php(60): GuzzleHttp\\RedirectMiddleware->__invoke(Object(GuzzleHttp\\Psr7\\Request), Array)
#9 C:\\Users\\Emma Landry\\Desktop\\Swivel\\swivel\\vendor\\guzzlehttp\\guzzle\\src\\HandlerStack.php(73): GuzzleHttp\\Middleware::GuzzleHttp\\{closure}(Object(GuzzleHttp\\Psr7\\Request), Array)
#10 C:\\Users\\Emma Landry\\Desktop\\Swivel\\swivel\\vendor\\guzzlehttp\\guzzle\\src\\Client.php(323): GuzzleHttp\\HandlerStack->__invoke(Object(GuzzleHttp\\Psr7\\Request), Array)
#11 C:\\Users\\Emma Landry\\Desktop\\Swivel\\swivel\\vendor\\guzzlehttp\\guzzle\\src\\Client.php(101): GuzzleHttp\\Client->transfer(Object(GuzzleHttp\\Psr7\\Request), Array)
#12 C:\\Users\\Emma Landry\\Desktop\\Swivel\\swivel\\vendor\\guzzlehttp\\guzzle\\src\\Client.php(117): GuzzleHttp\\Client->sendAsync(Object(GuzzleHttp\\Psr7\\Request), Array)
#13 C:\\Users\\Emma Landry\\Desktop\\Swivel\\swivel\\vendor\\google\\auth\\src\\HttpHandler\\Guzzle6HttpHandler.php(47): GuzzleHttp\\Client->send(Object(GuzzleHttp\\Psr7\\Request), Array)
#14 C:\\Users\\Emma Landry\\Desktop\\Swivel\\swivel\\vendor\\google\\auth\\src\\OAuth2.php(526): Google\\Auth\\HttpHandler\\Guzzle6HttpHandler->__invoke(Object(GuzzleHttp\\Psr7\\Request))
#15 C:\\Users\\Emma Landry\\Desktop\\Swivel\\swivel\\vendor\\google\\auth\\src\\Credentials\\ServiceAccountCredentials.php(162): Google\\Auth\\OAuth2->fetchAuthToken(Object(Google\\Auth\\HttpHandler\\Guzzle7HttpHandler))
#16 C:\\Users\\Emma Landry\\Desktop\\Swivel\\swivel\\vendor\\google\\auth\\src\\FetchAuthTokenCache.php(91): Google\\Auth\\Credentials\\ServiceAccountCredentials->fetchAuthToken(Object(Google\\Auth\\HttpHandler\\Guzzle7HttpHandler))
#17 C:\\Users\\Emma Landry\\Desktop\\Swivel\\swivel\\vendor\\google\\gax\\src\\CredentialsWrapper.php(208): Google\\Auth\\FetchAuthTokenCache->fetchAuthToken(Object(Google\\Auth\\HttpHandler\\Guzzle7HttpHandler))
#18 C:\\Users\\Emma Landry\\Desktop\\Swivel\\swivel\\vendor\\google\\gax\\src\\CredentialsWrapper.php(160): Google\\ApiCore\\CredentialsWrapper::getToken(Object(Google\\Auth\\FetchAuthTokenCache), Object(Google\\Auth\\HttpHandler\\Guzzle7HttpHandler))
#19 [internal function]: Google\\ApiCore\\CredentialsWrapper->Google\\ApiCore\\{closure}(Object(stdClass))
#20 C:\\Users\\Emma Landry\\Desktop\\Swivel\\swivel\\vendor\\grpc\\grpc\\src\\lib\\ServerStreamingCall.php(44): Grpc\\Call->startBatch(Array)
#21 C:\\Users\\Emma Landry\\Desktop\\Swivel\\swivel\\vendor\\grpc\\grpc\\src\\lib\\BaseStub.php(364): Grpc\\ServerStreamingCall->start(Object(Google\\Cloud\\Firestore\\V1\\BatchGetDocumentsRequest), Array, Array)
#22 C:\\Users\\Emma Landry\\Desktop\\Swivel\\swivel\\vendor\\grpc\\grpc\\src\\lib\\BaseStub.php(589): Grpc\\BaseStub->Grpc\\{closure}('/google.firesto...', Object(Google\\Cloud\\Firestore\\V1\\BatchGetDocumentsRequest), Array, Array, Array)
#23 C:\\Users\\Emma Landry\\Desktop\\Swivel\\swivel\\vendor\\google\\gax\\src\\Transport\\GrpcTransport.php(197): Grpc\\BaseStub->_serverStreamRequest('/google.firesto...', Object(Google\\Cloud\\Firestore\\V1\\BatchGetDocumentsRequest), Array, Array, Array)
#24 C:\\Users\\Emma Landry\\Desktop\\Swivel\\swivel\\vendor\\google\\gax\\src\\GapicClientTrait.php(491): Google\\ApiCore\\Transport\\GrpcTransport->startServerStreamingCall(Object(Google\\ApiCore\\Call), Array)
#25 C:\\Users\\Emma Landry\\Desktop\\Swivel\\swivel\\vendor\\google\\gax\\src\\Middleware\\CredentialsWrapperMiddleware.php(61): Google\\Cloud\\Firestore\\V1\\Gapic\\FirestoreGapicClient->Google\\ApiCore\\{closure}(Object(Google\\ApiCore\\Call), Array)
#26 C:\\Users\\Emma Landry\\Desktop\\Swivel\\swivel\\vendor\\google\\gax\\src\\Middleware\\FixedHeaderMiddleware.php(66): Google\\ApiCore\\Middleware\\CredentialsWrapperMiddleware->__invoke(Object(Google\\ApiCore\\Call), Array)
#27 C:\\Users\\Emma Landry\\Desktop\\Swivel\\swivel\\vendor\\google\\gax\\src\\Middleware\\RetryMiddleware.php(85): Google\\ApiCore\\Middleware\\FixedHeaderMiddleware->__invoke(Object(Google\\ApiCore\\Call), Array)
#28 C:\\Users\\Emma Landry\\Desktop\\Swivel\\swivel\\vendor\\google\\gax\\src\\Middleware\\OptionsFilterMiddleware.php(63): Google\\ApiCore\\Middleware\\RetryMiddleware->__invoke(Object(Google\\ApiCore\\Call), Array)
#29 C:\\Users\\Emma Landry\\Desktop\\Swivel\\swivel\\vendor\\google\\gax\\src\\GapicClientTrait.php(474): Google\\ApiCore\\Middleware\\OptionsFilterMiddleware->__invoke(Object(Google\\ApiCore\\Call), Array)
#30 C:\\Users\\Emma Landry\\Desktop\\Swivel\\swivel\\vendor\\google\\cloud-firestore\\src\\V1\\Gapic\\FirestoreGapicClient.php(858): Google\\Cloud\\Firestore\\V1\\Gapic\\FirestoreGapicClient->startCall('BatchGetDocumen...', 'Google\\\\Cloud\\\\Fi...', Array, Object(Google\\Cloud\\Firestore\\V1\\BatchGetDocumentsRequest), 3)
#31 [internal function]: Google\\Cloud\\Firestore\\V1\\Gapic\\FirestoreGapicClient->batchGetDocuments('projects/swivel...', Array, Array)
#32 C:\\Users\\Emma Landry\\Desktop\\Swivel\\swivel\\vendor\\google\\cloud-core\\src\\ExponentialBackoff.php(80): call_user_func_array(Array, Array)
#33 C:\\Users\\Emma Landry\\Desktop\\Swivel\\swivel\\vendor\\google\\cloud-core\\src\\GrpcRequestWrapper.php(143): Google\\Cloud\\Core\\ExponentialBackoff->execute(Array, Array)
#34 C:\\Users\\Emma Landry\\Desktop\\Swivel\\swivel\\vendor\\google\\cloud-core\\src\\GrpcTrait.php(79): Google\\Cloud\\Core\\GrpcRequestWrapper->send(Array, Array, Array)
#35 C:\\Users\\Emma Landry\\Desktop\\Swivel\\swivel\\vendor\\google\\cloud-firestore\\src\\Connection\\Grpc.php(124): Google\\Cloud\\Firestore\\Connection\\Grpc->send(Array, Array)
#36 C:\\Users\\Emma Landry\\Desktop\\Swivel\\swivel\\vendor\\google\\cloud-firestore\\src\\SnapshotTrait.php(122): Google\\Cloud\\Firestore\\Connection\\Grpc->batchGetDocuments(Array)
#37 C:\\Users\\Emma Landry\\Desktop\\Swivel\\swivel\\vendor\\google\\cloud-firestore\\src\\SnapshotTrait.php(61): Google\\Cloud\\Firestore\\DocumentReference->getSnapshot(Object(Google\\Cloud\\Firestore\\Connection\\Grpc), 'projects/swivel...', Array)
#38 C:\\Users\\Emma Landry\\Desktop\\Swivel\\swivel\\vendor\\google\\cloud-firestore\\src\\DocumentReference.php(347): Google\\Cloud\\Firestore\\DocumentReference->createSnapshot(Object(Google\\Cloud\\Firestore\\Connection\\Grpc), Object(Google\\Cloud\\Firestore\\ValueMapper), Object(Google\\Cloud\\Firestore\\DocumentReference), Array)
#39 C:\\Users\\Emma Landry\\Desktop\\Swivel\\swivel\outes\\web.php(93): Google\\Cloud\\Firestore\\DocumentReference->snapshot()
#40 [internal function]: Closure->{closure}(Object(Laravel\\Lumen\\Http\\Request), 'ovaIXIHXe7TxX4F...')
#41 C:\\Users\\Emma Landry\\Desktop\\Swivel\\swivel\\vendor\\illuminate\\container\\BoundMethod.php(32): call_user_func_array(Object(Closure), Array)
#42 C:\\Users\\Emma Landry\\Desktop\\Swivel\\swivel\\vendor\\illuminate\\container\\BoundMethod.php(78): Illuminate\\Container\\BoundMethod::Illuminate\\Container\\{closure}()
#43 C:\\Users\\Emma Landry\\Desktop\\Swivel\\swivel\\vendor\\illuminate\\container\\BoundMethod.php(34): Illuminate\\Container\\BoundMethod::callBoundMethod(Object(Laravel\\Lumen\\Application), Object(Closure), Object(Closure))
#44 C:\\Users\\Emma Landry\\Desktop\\Swivel\\swivel\\vendor\\illuminate\\container\\Container.php(576): Illuminate\\Container\\BoundMethod::call(Object(Laravel\\Lumen\\Application), Object(Closure), Array, NULL)
#45 C:\\Users\\Emma Landry\\Desktop\\Swivel\\swivel\\vendor\\laravel\\lumen-framework\\src\\Concerns\\RoutesRequests.php(289): Illuminate\\Container\\Container->call(Object(Closure), Array)
#46 C:\\Users\\Emma Landry\\Desktop\\Swivel\\swivel\\vendor\\laravel\\lumen-framework\\src\\Concerns\\RoutesRequests.php(263): Laravel\\Lumen\\Application->callActionOnArrayBasedRoute(Array)
#47 C:\\Users\\Emma Landry\\Desktop\\Swivel\\swivel\\vendor\\laravel\\lumen-framework\\src\\Concerns\\RoutesRequests.php(233): Laravel\\Lumen\\Application->handleFoundRoute(Array)
#48 C:\\Users\\Emma Landry\\Desktop\\Swivel\\swivel\\vendor\\laravel\\lumen-framework\\src\\Concerns\\RoutesRequests.php(169): Laravel\\Lumen\\Application->handleDispatcherResponse(Array)
#49 C:\\Users\\Emma Landry\\Desktop\\Swivel\\swivel\\vendor\\laravel\\lumen-framework\\src\\Concerns\\RoutesRequests.php(416): Laravel\\Lumen\\Application->Laravel\\Lumen\\Concerns\\{closure}(Object(Laravel\\Lumen\\Http\\Request))
#50 C:\\Users\\Emma Landry\\Desktop\\Swivel\\swivel\\vendor\\laravel\\lumen-framework\\src\\Concerns\\RoutesRequests.php(171): Laravel\\Lumen\\Application->sendThroughPipeline(Array, Object(Closure))
#51 C:\\Users\\Emma Landry\\Desktop\\Swivel\\swivel\\vendor\\laravel\\lumen-framework\\src\\Concerns\\RoutesRequests.php(108): Laravel\\Lumen\\Application->dispatch(NULL)
#52 C:\\Users\\Emma Landry\\Desktop\\Swivel\\swivel\\index.php(26): Laravel\\Lumen\\Application->run()
#53 {main}
"} 
